make --dry-run --always-make --keep-going --print-directory
make: Entering directory `/Users/azarda/Desktop/Minishell'
mkdir -p obj
 
cc -Wall -Werror -Wextra  -I/Users/azarda/.brew/opt/readline/include -c ft_error.c -o obj/ft_error.o
 
cc -Wall -Werror -Wextra  -I/Users/azarda/.brew/opt/readline/include -c split_args.c -o obj/split_args.o
 
cc -Wall -Werror -Wextra  -I/Users/azarda/.brew/opt/readline/include -c split_tokens.c -o obj/split_tokens.o
 
cc -Wall -Werror -Wextra  -I/Users/azarda/.brew/opt/readline/include -c new_list.c -o obj/new_list.o
 
cc -Wall -Werror -Wextra  -I/Users/azarda/.brew/opt/readline/include -c parse.c -o obj/parse.o
 
cc -Wall -Werror -Wextra  -I/Users/azarda/.brew/opt/readline/include -c utils1.c -o obj/utils1.o
 
cc -Wall -Werror -Wextra  -I/Users/azarda/.brew/opt/readline/include -c utils2.c -o obj/utils2.o
 
cc -Wall -Werror -Wextra  -I/Users/azarda/.brew/opt/readline/include -c utils3.c -o obj/utils3.o
 
cc -Wall -Werror -Wextra  -I/Users/azarda/.brew/opt/readline/include -c main.c -o obj/main.o
 
cc -Wall -Werror -Wextra  -I/Users/azarda/.brew/opt/readline/include -c lexer.c -o obj/lexer.o
 
cc -Wall -Werror -Wextra  -I/Users/azarda/.brew/opt/readline/include -c libft_util.c -o obj/libft_util.o
 
cc -Wall -Werror -Wextra  -I/Users/azarda/.brew/opt/readline/include -c exec.c -o obj/exec.o
 
cc -Wall -Werror -Wextra  -I/Users/azarda/.brew/opt/readline/include -c lst_utils.c -o obj/lst_utils.o
 
cc -Wall -Werror -Wextra  -I/Users/azarda/.brew/opt/readline/include -c builtins.c -o obj/builtins.o
 
cc -Wall -Werror -Wextra  -I/Users/azarda/.brew/opt/readline/include -c ft_go_exec.c -o obj/ft_go_exec.o
 
cc -Wall -Werror -Wextra  -I/Users/azarda/.brew/opt/readline/include -c redirections.c -o obj/redirections.o
 
cc -Wall -Werror -Wextra  -I/Users/azarda/.brew/opt/readline/include -c quotes.c -o obj/quotes.o
cc -Wall -Werror -Wextra  -I/Users/azarda/.brew/opt/readline/include -c free.c -o obj/free.o
cc -Wall -Werror -Wextra  -I/Users/azarda/.brew/opt/readline/include -c ft_excute_cd.c -o obj/ft_excute_cd.o
 
cc -Wall -Werror -Wextra  -I/Users/azarda/.brew/opt/readline/include -c env.c -o obj/env.o
 
cc -Wall -Werror -Wextra  -I/Users/azarda/.brew/opt/readline/include -c expand.c -o obj/expand.o
 
cc -Wall -Werror -Wextra  -I/Users/azarda/.brew/opt/readline/include -c double_split.c -o obj/double_split.o
 
cc -Wall -Werror -Wextra  -I/Users/azarda/.brew/opt/readline/include -c ft_export.c -o obj/ft_export.o
 
cc -Wall -Werror -Wextra  -I/Users/azarda/.brew/opt/readline/include -c ft_export2.c -o obj/ft_export2.o
 
cc -Wall -Werror -Wextra  -I/Users/azarda/.brew/opt/readline/include -c ft__execution.c -o obj/ft__execution.o
 
cc -Wall -Werror -Wextra  -I/Users/azarda/.brew/opt/readline/include -c red_handle.c -o obj/red_handle.o
 
cc -Wall -Werror -Wextra  -I/Users/azarda/.brew/opt/readline/include -c rm_utils.c -o obj/rm_utils.o
 
cc -Wall -Werror -Wextra  -I/Users/azarda/.brew/opt/readline/include -c heredoc_rm.c -o obj/heredoc_rm.o
 
cc -Wall -Werror -Wextra  -I/Users/azarda/.brew/opt/readline/include -c utils4.c -o obj/utils4.o
 
cc -Wall -Werror -Wextra  -I/Users/azarda/.brew/opt/readline/include -c exec_2.c -o obj/exec_2.o
 
cc -Wall -Werror -Wextra  -I/Users/azarda/.brew/opt/readline/include -c heredoc.c -o obj/heredoc.o
 
cc -Wall -Werror -Wextra  -I/Users/azarda/.brew/opt/readline/include -c rm.c -o obj/rm.o
 
cc -Wall -Werror -Wextra  -I/Users/azarda/.brew/opt/readline/include obj/ft_error.o obj/split_args.o obj/split_tokens.o obj/new_list.o obj/parse.o obj/utils1.o obj/utils2.o obj/utils3.o obj/main.o obj/lexer.o obj/libft_util.o obj/exec.o obj/lst_utils.o obj/builtins.o obj/ft_go_exec.o obj/redirections.o obj/quotes.o obj/free.o obj/ft_excute_cd.o obj/env.o obj/expand.o obj/double_split.o obj/ft_export.o obj/ft_export2.o obj/ft__execution.o obj/red_handle.o obj/rm_utils.o obj/heredoc_rm.o obj/utils4.o obj/exec_2.o obj/heredoc.o obj/rm.o -lreadline -o minishell -L/Users/azarda/.brew/opt/readline/lib
make: Leaving directory `/Users/azarda/Desktop/Minishell'
 
